CRITICAL - 2024-10-24 02:09:00 --> CodeIgniter\View\Exceptions\ViewException: Invalid file: "customereView.php"
[Method: GET, Route: customer]
in SYSTEMPATH\Exceptions\FrameworkException.php on line 41.
 1 SYSTEMPATH\View\View.php(222): CodeIgniter\Exceptions\FrameworkException::forInvalidFile('customereView.php')
 2 SYSTEMPATH\Common.php(1171): CodeIgniter\View\View->render('customereView', [], true)
 3 APPPATH\Controllers\Customer.php(18): view('customereView', [...])
 4 SYSTEMPATH\CodeIgniter.php(933): App\Controllers\Customer->index()
 5 SYSTEMPATH\CodeIgniter.php(509): CodeIgniter\CodeIgniter->runController(Object(App\Controllers\Customer))
 6 SYSTEMPATH\CodeIgniter.php(355): CodeIgniter\CodeIgniter->handleRequest(null, Object(Config\Cache), false)
 7 SYSTEMPATH\Boot.php(325): CodeIgniter\CodeIgniter->run()
 8 SYSTEMPATH\Boot.php(67): CodeIgniter\Boot::runCodeIgniter(Object(CodeIgniter\CodeIgniter))
 9 FCPATH\index.php(56): CodeIgniter\Boot::bootWeb(Object(Config\Paths))
10 SYSTEMPATH\rewrite.php(44): require_once('D:\\laragon\\www\\customer-client\\codeigniter4-framework-2849e7f\\public\\index.php')
CRITICAL - 2024-10-24 02:12:50 --> CodeIgniter\View\Exceptions\ViewException: Invalid file: "customereView.php"
[Method: GET, Route: customer]
in SYSTEMPATH\Exceptions\FrameworkException.php on line 41.
 1 SYSTEMPATH\View\View.php(222): CodeIgniter\Exceptions\FrameworkException::forInvalidFile('customereView.php')
 2 SYSTEMPATH\Common.php(1171): CodeIgniter\View\View->render('customereView', [], true)
 3 APPPATH\Controllers\Customer.php(18): view('customereView', [...])
 4 SYSTEMPATH\CodeIgniter.php(933): App\Controllers\Customer->index()
 5 SYSTEMPATH\CodeIgniter.php(509): CodeIgniter\CodeIgniter->runController(Object(App\Controllers\Customer))
 6 SYSTEMPATH\CodeIgniter.php(355): CodeIgniter\CodeIgniter->handleRequest(null, Object(Config\Cache), false)
 7 SYSTEMPATH\Boot.php(325): CodeIgniter\CodeIgniter->run()
 8 SYSTEMPATH\Boot.php(67): CodeIgniter\Boot::runCodeIgniter(Object(CodeIgniter\CodeIgniter))
 9 FCPATH\index.php(56): CodeIgniter\Boot::bootWeb(Object(Config\Paths))
10 SYSTEMPATH\rewrite.php(44): require_once('D:\\laragon\\www\\customer-client\\codeigniter4-framework-2849e7f\\public\\index.php')
CRITICAL - 2024-10-24 02:12:56 --> CodeIgniter\View\Exceptions\ViewException: Invalid file: "customereView.php"
[Method: GET, Route: customer]
in SYSTEMPATH\Exceptions\FrameworkException.php on line 41.
 1 SYSTEMPATH\View\View.php(222): CodeIgniter\Exceptions\FrameworkException::forInvalidFile('customereView.php')
 2 SYSTEMPATH\Common.php(1171): CodeIgniter\View\View->render('customereView', [], true)
 3 APPPATH\Controllers\Customer.php(18): view('customereView', [...])
 4 SYSTEMPATH\CodeIgniter.php(933): App\Controllers\Customer->index()
 5 SYSTEMPATH\CodeIgniter.php(509): CodeIgniter\CodeIgniter->runController(Object(App\Controllers\Customer))
 6 SYSTEMPATH\CodeIgniter.php(355): CodeIgniter\CodeIgniter->handleRequest(null, Object(Config\Cache), false)
 7 SYSTEMPATH\Boot.php(325): CodeIgniter\CodeIgniter->run()
 8 SYSTEMPATH\Boot.php(67): CodeIgniter\Boot::runCodeIgniter(Object(CodeIgniter\CodeIgniter))
 9 FCPATH\index.php(56): CodeIgniter\Boot::bootWeb(Object(Config\Paths))
10 SYSTEMPATH\rewrite.php(44): require_once('D:\\laragon\\www\\customer-client\\codeigniter4-framework-2849e7f\\public\\index.php')
CRITICAL - 2024-10-24 02:12:59 --> CodeIgniter\View\Exceptions\ViewException: Invalid file: "customereView.php"
[Method: GET, Route: customer]
in SYSTEMPATH\Exceptions\FrameworkException.php on line 41.
 1 SYSTEMPATH\View\View.php(222): CodeIgniter\Exceptions\FrameworkException::forInvalidFile('customereView.php')
 2 SYSTEMPATH\Common.php(1171): CodeIgniter\View\View->render('customereView', [], true)
 3 APPPATH\Controllers\Customer.php(18): view('customereView', [...])
 4 SYSTEMPATH\CodeIgniter.php(933): App\Controllers\Customer->index()
 5 SYSTEMPATH\CodeIgniter.php(509): CodeIgniter\CodeIgniter->runController(Object(App\Controllers\Customer))
 6 SYSTEMPATH\CodeIgniter.php(355): CodeIgniter\CodeIgniter->handleRequest(null, Object(Config\Cache), false)
 7 SYSTEMPATH\Boot.php(325): CodeIgniter\CodeIgniter->run()
 8 SYSTEMPATH\Boot.php(67): CodeIgniter\Boot::runCodeIgniter(Object(CodeIgniter\CodeIgniter))
 9 FCPATH\index.php(56): CodeIgniter\Boot::bootWeb(Object(Config\Paths))
10 SYSTEMPATH\rewrite.php(44): require_once('D:\\laragon\\www\\customer-client\\codeigniter4-framework-2849e7f\\public\\index.php')
CRITICAL - 2024-10-24 02:13:05 --> CodeIgniter\View\Exceptions\ViewException: Invalid file: "customereView.php"
[Method: GET, Route: customer]
in SYSTEMPATH\Exceptions\FrameworkException.php on line 41.
 1 SYSTEMPATH\View\View.php(222): CodeIgniter\Exceptions\FrameworkException::forInvalidFile('customereView.php')
 2 SYSTEMPATH\Common.php(1171): CodeIgniter\View\View->render('customereView', [], true)
 3 APPPATH\Controllers\Customer.php(18): view('customereView', [...])
 4 SYSTEMPATH\CodeIgniter.php(933): App\Controllers\Customer->index()
 5 SYSTEMPATH\CodeIgniter.php(509): CodeIgniter\CodeIgniter->runController(Object(App\Controllers\Customer))
 6 SYSTEMPATH\CodeIgniter.php(355): CodeIgniter\CodeIgniter->handleRequest(null, Object(Config\Cache), false)
 7 SYSTEMPATH\Boot.php(325): CodeIgniter\CodeIgniter->run()
 8 SYSTEMPATH\Boot.php(67): CodeIgniter\Boot::runCodeIgniter(Object(CodeIgniter\CodeIgniter))
 9 FCPATH\index.php(56): CodeIgniter\Boot::bootWeb(Object(Config\Paths))
10 SYSTEMPATH\rewrite.php(44): require_once('D:\\laragon\\www\\customer-client\\codeigniter4-framework-2849e7f\\public\\index.php')
INFO - 2024-10-24 02:24:00 --> Session: Class initialized using 'CodeIgniter\Session\Handlers\FileHandler' driver.
INFO - 2024-10-24 02:24:11 --> Session: Class initialized using 'CodeIgniter\Session\Handlers\FileHandler' driver.
INFO - 2024-10-24 02:24:22 --> Session: Class initialized using 'CodeIgniter\Session\Handlers\FileHandler' driver.
INFO - 2024-10-24 02:25:50 --> Session: Class initialized using 'CodeIgniter\Session\Handlers\FileHandler' driver.
INFO - 2024-10-24 02:30:40 --> Session: Class initialized using 'CodeIgniter\Session\Handlers\FileHandler' driver.
INFO - 2024-10-24 02:31:22 --> Session: Class initialized using 'CodeIgniter\Session\Handlers\FileHandler' driver.
INFO - 2024-10-24 02:32:11 --> Session: Class initialized using 'CodeIgniter\Session\Handlers\FileHandler' driver.
INFO - 2024-10-24 02:34:37 --> Session: Class initialized using 'CodeIgniter\Session\Handlers\FileHandler' driver.
INFO - 2024-10-24 02:35:24 --> Session: Class initialized using 'CodeIgniter\Session\Handlers\FileHandler' driver.
INFO - 2024-10-24 02:36:02 --> Session: Class initialized using 'CodeIgniter\Session\Handlers\FileHandler' driver.
INFO - 2024-10-24 02:53:03 --> Session: Class initialized using 'CodeIgniter\Session\Handlers\FileHandler' driver.
CRITICAL - 2024-10-24 03:54:16 --> ErrorException: Undefined variable $customer
[Method: GET, Route: customer]
in APPPATH\Views\customerView.php on line 37.
 1 APPPATH\Views\customerView.php(37): CodeIgniter\Debug\Exceptions->errorHandler(2, 'Undefined variable $customer', 'D:\\laragon\\www\\customer-client\\codeigniter4-framework-2849e7f\\app\\Views\\customerView.php', 37)
 2 SYSTEMPATH\View\View.php(234): include('D:\\laragon\\www\\customer-client\\codeigniter4-framework-2849e7f\\app\\Views\\customerView.php')
 3 SYSTEMPATH\View\View.php(237): CodeIgniter\View\View->CodeIgniter\View\{closure}()
 4 SYSTEMPATH\Common.php(1171): CodeIgniter\View\View->render('customerView', [], true)
 5 APPPATH\Controllers\Customer.php(18): view('customerView', [...])
 6 SYSTEMPATH\CodeIgniter.php(933): App\Controllers\Customer->index()
 7 SYSTEMPATH\CodeIgniter.php(509): CodeIgniter\CodeIgniter->runController(Object(App\Controllers\Customer))
 8 SYSTEMPATH\CodeIgniter.php(355): CodeIgniter\CodeIgniter->handleRequest(null, Object(Config\Cache), false)
 9 SYSTEMPATH\Boot.php(325): CodeIgniter\CodeIgniter->run()
10 SYSTEMPATH\Boot.php(67): CodeIgniter\Boot::runCodeIgniter(Object(CodeIgniter\CodeIgniter))
11 FCPATH\index.php(56): CodeIgniter\Boot::bootWeb(Object(Config\Paths))
12 SYSTEMPATH\rewrite.php(44): require_once('D:\\laragon\\www\\customer-client\\codeigniter4-framework-2849e7f\\public\\index.php')
INFO - 2024-10-24 04:05:05 --> Session: Class initialized using 'CodeIgniter\Session\Handlers\FileHandler' driver.
INFO - 2024-10-24 04:06:55 --> Session: Class initialized using 'CodeIgniter\Session\Handlers\FileHandler' driver.
CRITICAL - 2024-10-24 04:32:20 --> ParseError: syntax error, unexpected identifier "curl_close", expecting "function" or "const"
[Method: GET, Route: customer]
in APPPATH\Controllers\Customer.php on line 77.
 1 SYSTEMPATH\Autoloader\Autoloader.php(296): CodeIgniter\Autoloader\Autoloader->includeFile('D:\\laragon\\www\\customer-client\\codeigniter4-framework-2849e7f\\app\\Controllers\\Customer.php')
 2 SYSTEMPATH\Autoloader\Autoloader.php(272): CodeIgniter\Autoloader\Autoloader->loadInNamespace('App\\Controllers\\Customer')
 3 [internal function]: CodeIgniter\Autoloader\Autoloader->loadClass('App\\Controllers\\Customer')
 4 SYSTEMPATH\CodeIgniter.php(887): class_exists('\\App\\Controllers\\Customer', true)
 5 SYSTEMPATH\CodeIgniter.php(496): CodeIgniter\CodeIgniter->startController()
 6 SYSTEMPATH\CodeIgniter.php(355): CodeIgniter\CodeIgniter->handleRequest(null, Object(Config\Cache), false)
 7 SYSTEMPATH\Boot.php(325): CodeIgniter\CodeIgniter->run()
 8 SYSTEMPATH\Boot.php(67): CodeIgniter\Boot::runCodeIgniter(Object(CodeIgniter\CodeIgniter))
 9 FCPATH\index.php(56): CodeIgniter\Boot::bootWeb(Object(Config\Paths))
10 SYSTEMPATH\rewrite.php(44): require_once('D:\\laragon\\www\\customer-client\\codeigniter4-framework-2849e7f\\public\\index.php')
CRITICAL - 2024-10-24 04:32:22 --> ParseError: syntax error, unexpected identifier "curl_close", expecting "function" or "const"
[Method: GET, Route: customer]
in APPPATH\Controllers\Customer.php on line 77.
 1 SYSTEMPATH\Autoloader\Autoloader.php(296): CodeIgniter\Autoloader\Autoloader->includeFile('D:\\laragon\\www\\customer-client\\codeigniter4-framework-2849e7f\\app\\Controllers\\Customer.php')
 2 SYSTEMPATH\Autoloader\Autoloader.php(272): CodeIgniter\Autoloader\Autoloader->loadInNamespace('App\\Controllers\\Customer')
 3 [internal function]: CodeIgniter\Autoloader\Autoloader->loadClass('App\\Controllers\\Customer')
 4 SYSTEMPATH\CodeIgniter.php(887): class_exists('\\App\\Controllers\\Customer', true)
 5 SYSTEMPATH\CodeIgniter.php(496): CodeIgniter\CodeIgniter->startController()
 6 SYSTEMPATH\CodeIgniter.php(355): CodeIgniter\CodeIgniter->handleRequest(null, Object(Config\Cache), false)
 7 SYSTEMPATH\Boot.php(325): CodeIgniter\CodeIgniter->run()
 8 SYSTEMPATH\Boot.php(67): CodeIgniter\Boot::runCodeIgniter(Object(CodeIgniter\CodeIgniter))
 9 FCPATH\index.php(56): CodeIgniter\Boot::bootWeb(Object(Config\Paths))
10 SYSTEMPATH\rewrite.php(44): require_once('D:\\laragon\\www\\customer-client\\codeigniter4-framework-2849e7f\\public\\index.php')
CRITICAL - 2024-10-24 04:32:28 --> ParseError: syntax error, unexpected identifier "curl_close", expecting "function" or "const"
[Method: GET, Route: customer]
in APPPATH\Controllers\Customer.php on line 77.
 1 SYSTEMPATH\Autoloader\Autoloader.php(296): CodeIgniter\Autoloader\Autoloader->includeFile('D:\\laragon\\www\\customer-client\\codeigniter4-framework-2849e7f\\app\\Controllers\\Customer.php')
 2 SYSTEMPATH\Autoloader\Autoloader.php(272): CodeIgniter\Autoloader\Autoloader->loadInNamespace('App\\Controllers\\Customer')
 3 [internal function]: CodeIgniter\Autoloader\Autoloader->loadClass('App\\Controllers\\Customer')
 4 SYSTEMPATH\CodeIgniter.php(887): class_exists('\\App\\Controllers\\Customer', true)
 5 SYSTEMPATH\CodeIgniter.php(496): CodeIgniter\CodeIgniter->startController()
 6 SYSTEMPATH\CodeIgniter.php(355): CodeIgniter\CodeIgniter->handleRequest(null, Object(Config\Cache), false)
 7 SYSTEMPATH\Boot.php(325): CodeIgniter\CodeIgniter->run()
 8 SYSTEMPATH\Boot.php(67): CodeIgniter\Boot::runCodeIgniter(Object(CodeIgniter\CodeIgniter))
 9 FCPATH\index.php(56): CodeIgniter\Boot::bootWeb(Object(Config\Paths))
10 SYSTEMPATH\rewrite.php(44): require_once('D:\\laragon\\www\\customer-client\\codeigniter4-framework-2849e7f\\public\\index.php')
INFO - 2024-10-24 04:33:25 --> Session: Class initialized using 'CodeIgniter\Session\Handlers\FileHandler' driver.
INFO - 2024-10-24 04:33:42 --> Session: Class initialized using 'CodeIgniter\Session\Handlers\FileHandler' driver.
INFO - 2024-10-24 05:23:58 --> Session: Class initialized using 'CodeIgniter\Session\Handlers\FileHandler' driver.
INFO - 2024-10-24 06:16:24 --> Session: Class initialized using 'CodeIgniter\Session\Handlers\FileHandler' driver.
CRITICAL - 2024-10-24 06:16:46 --> ErrorException: Undefined variable $customer
[Method: GET, Route: customer]
in APPPATH\Views\customerView.php on line 37.
 1 APPPATH\Views\customerView.php(37): CodeIgniter\Debug\Exceptions->errorHandler(2, 'Undefined variable $customer', 'D:\\laragon\\www\\customer-client\\codeigniter4-framework-2849e7f\\app\\Views\\customerView.php', 37)
 2 SYSTEMPATH\View\View.php(234): include('D:\\laragon\\www\\customer-client\\codeigniter4-framework-2849e7f\\app\\Views\\customerView.php')
 3 SYSTEMPATH\View\View.php(237): CodeIgniter\View\View->CodeIgniter\View\{closure}()
 4 SYSTEMPATH\Common.php(1171): CodeIgniter\View\View->render('customerView', [], true)
 5 APPPATH\Controllers\Customer.php(18): view('customerView', [...])
 6 SYSTEMPATH\CodeIgniter.php(933): App\Controllers\Customer->index()
 7 SYSTEMPATH\CodeIgniter.php(509): CodeIgniter\CodeIgniter->runController(Object(App\Controllers\Customer))
 8 SYSTEMPATH\CodeIgniter.php(355): CodeIgniter\CodeIgniter->handleRequest(null, Object(Config\Cache), false)
 9 SYSTEMPATH\Boot.php(325): CodeIgniter\CodeIgniter->run()
10 SYSTEMPATH\Boot.php(67): CodeIgniter\Boot::runCodeIgniter(Object(CodeIgniter\CodeIgniter))
11 FCPATH\index.php(56): CodeIgniter\Boot::bootWeb(Object(Config\Paths))
12 SYSTEMPATH\rewrite.php(44): require_once('D:\\laragon\\www\\customer-client\\codeigniter4-framework-2849e7f\\public\\index.php')
CRITICAL - 2024-10-24 08:01:08 --> ErrorException: Undefined variable $customer
[Method: GET, Route: customer]
in APPPATH\Views\customerView.php on line 37.
 1 APPPATH\Views\customerView.php(37): CodeIgniter\Debug\Exceptions->errorHandler(2, 'Undefined variable $customer', 'D:\\laragon\\www\\customer-client\\codeigniter4-framework-2849e7f\\app\\Views\\customerView.php', 37)
 2 SYSTEMPATH\View\View.php(234): include('D:\\laragon\\www\\customer-client\\codeigniter4-framework-2849e7f\\app\\Views\\customerView.php')
 3 SYSTEMPATH\View\View.php(237): CodeIgniter\View\View->CodeIgniter\View\{closure}()
 4 SYSTEMPATH\Common.php(1171): CodeIgniter\View\View->render('customerView', [], true)
 5 APPPATH\Controllers\Customer.php(18): view('customerView', [...])
 6 SYSTEMPATH\CodeIgniter.php(933): App\Controllers\Customer->index()
 7 SYSTEMPATH\CodeIgniter.php(509): CodeIgniter\CodeIgniter->runController(Object(App\Controllers\Customer))
 8 SYSTEMPATH\CodeIgniter.php(355): CodeIgniter\CodeIgniter->handleRequest(null, Object(Config\Cache), false)
 9 SYSTEMPATH\Boot.php(325): CodeIgniter\CodeIgniter->run()
10 SYSTEMPATH\Boot.php(67): CodeIgniter\Boot::runCodeIgniter(Object(CodeIgniter\CodeIgniter))
11 FCPATH\index.php(56): CodeIgniter\Boot::bootWeb(Object(Config\Paths))
12 SYSTEMPATH\rewrite.php(44): require_once('D:\\laragon\\www\\customer-client\\codeigniter4-framework-2849e7f\\public\\index.php')
CRITICAL - 2024-10-24 08:05:55 --> ErrorException: Undefined variable $Customer
[Method: GET, Route: customer]
in APPPATH\Views\customerView.php on line 38.
 1 APPPATH\Views\customerView.php(38): CodeIgniter\Debug\Exceptions->errorHandler(2, 'Undefined variable $Customer', 'D:\\laragon\\www\\customer-client\\codeigniter4-framework-2849e7f\\app\\Views\\customerView.php', 38)
 2 SYSTEMPATH\View\View.php(234): include('D:\\laragon\\www\\customer-client\\codeigniter4-framework-2849e7f\\app\\Views\\customerView.php')
 3 SYSTEMPATH\View\View.php(237): CodeIgniter\View\View->CodeIgniter\View\{closure}()
 4 SYSTEMPATH\Common.php(1171): CodeIgniter\View\View->render('customerView', [], true)
 5 APPPATH\Controllers\Customer.php(18): view('customerView', [...])
 6 SYSTEMPATH\CodeIgniter.php(933): App\Controllers\Customer->index()
 7 SYSTEMPATH\CodeIgniter.php(509): CodeIgniter\CodeIgniter->runController(Object(App\Controllers\Customer))
 8 SYSTEMPATH\CodeIgniter.php(355): CodeIgniter\CodeIgniter->handleRequest(null, Object(Config\Cache), false)
 9 SYSTEMPATH\Boot.php(325): CodeIgniter\CodeIgniter->run()
10 SYSTEMPATH\Boot.php(67): CodeIgniter\Boot::runCodeIgniter(Object(CodeIgniter\CodeIgniter))
11 FCPATH\index.php(56): CodeIgniter\Boot::bootWeb(Object(Config\Paths))
12 SYSTEMPATH\rewrite.php(44): require_once('D:\\laragon\\www\\customer-client\\codeigniter4-framework-2849e7f\\public\\index.php')
CRITICAL - 2024-10-24 08:09:48 --> ErrorException: Undefined variable $Customer
[Method: GET, Route: customer]
in APPPATH\Views\customerView.php on line 38.
 1 APPPATH\Views\customerView.php(38): CodeIgniter\Debug\Exceptions->errorHandler(2, 'Undefined variable $Customer', 'D:\\laragon\\www\\customer-client\\codeigniter4-framework-2849e7f\\app\\Views\\customerView.php', 38)
 2 SYSTEMPATH\View\View.php(234): include('D:\\laragon\\www\\customer-client\\codeigniter4-framework-2849e7f\\app\\Views\\customerView.php')
 3 SYSTEMPATH\View\View.php(237): CodeIgniter\View\View->CodeIgniter\View\{closure}()
 4 SYSTEMPATH\Common.php(1171): CodeIgniter\View\View->render('customerView', [], true)
 5 APPPATH\Controllers\Customer.php(18): view('customerView', [...])
 6 SYSTEMPATH\CodeIgniter.php(933): App\Controllers\Customer->index()
 7 SYSTEMPATH\CodeIgniter.php(509): CodeIgniter\CodeIgniter->runController(Object(App\Controllers\Customer))
 8 SYSTEMPATH\CodeIgniter.php(355): CodeIgniter\CodeIgniter->handleRequest(null, Object(Config\Cache), false)
 9 SYSTEMPATH\Boot.php(325): CodeIgniter\CodeIgniter->run()
10 SYSTEMPATH\Boot.php(67): CodeIgniter\Boot::runCodeIgniter(Object(CodeIgniter\CodeIgniter))
11 FCPATH\index.php(56): CodeIgniter\Boot::bootWeb(Object(Config\Paths))
12 SYSTEMPATH\rewrite.php(44): require_once('D:\\laragon\\www\\customer-client\\codeigniter4-framework-2849e7f\\public\\index.php')
CRITICAL - 2024-10-24 08:15:23 --> ErrorException: Undefined variable $customer
[Method: GET, Route: customer]
in APPPATH\Views\customerView.php on line 38.
 1 APPPATH\Views\customerView.php(38): CodeIgniter\Debug\Exceptions->errorHandler(2, 'Undefined variable $customer', 'D:\\laragon\\www\\customer-client\\codeigniter4-framework-2849e7f\\app\\Views\\customerView.php', 38)
 2 SYSTEMPATH\View\View.php(234): include('D:\\laragon\\www\\customer-client\\codeigniter4-framework-2849e7f\\app\\Views\\customerView.php')
 3 SYSTEMPATH\View\View.php(237): CodeIgniter\View\View->CodeIgniter\View\{closure}()
 4 SYSTEMPATH\Common.php(1171): CodeIgniter\View\View->render('customerView', [], true)
 5 APPPATH\Controllers\Customer.php(18): view('customerView', [...])
 6 SYSTEMPATH\CodeIgniter.php(933): App\Controllers\Customer->index()
 7 SYSTEMPATH\CodeIgniter.php(509): CodeIgniter\CodeIgniter->runController(Object(App\Controllers\Customer))
 8 SYSTEMPATH\CodeIgniter.php(355): CodeIgniter\CodeIgniter->handleRequest(null, Object(Config\Cache), false)
 9 SYSTEMPATH\Boot.php(325): CodeIgniter\CodeIgniter->run()
10 SYSTEMPATH\Boot.php(67): CodeIgniter\Boot::runCodeIgniter(Object(CodeIgniter\CodeIgniter))
11 FCPATH\index.php(56): CodeIgniter\Boot::bootWeb(Object(Config\Paths))
12 SYSTEMPATH\rewrite.php(44): require_once('D:\\laragon\\www\\customer-client\\codeigniter4-framework-2849e7f\\public\\index.php')
